#! /opt/homebrew/Cellar/icarus-verilog/11.0/bin/vvp
:ivl_version "11.0 (stable)";
:ivl_delay_selection "TYPICAL";
:vpi_time_precision + 0;
:vpi_module "/opt/homebrew/Cellar/icarus-verilog/11.0/lib/ivl/system.vpi";
:vpi_module "/opt/homebrew/Cellar/icarus-verilog/11.0/lib/ivl/vhdl_sys.vpi";
:vpi_module "/opt/homebrew/Cellar/icarus-verilog/11.0/lib/ivl/vhdl_textio.vpi";
:vpi_module "/opt/homebrew/Cellar/icarus-verilog/11.0/lib/ivl/v2005_math.vpi";
:vpi_module "/opt/homebrew/Cellar/icarus-verilog/11.0/lib/ivl/va_math.vpi";
S_0x129604290 .scope module, "inferenceControl" "inferenceControl" 2 24;
 .timescale 0 0;
    .port_info 0 /INPUT 1 "class_hv_0";
    .port_info 1 /INPUT 1 "class_hv_1";
    .port_info 2 /INPUT 1 "query";
    .port_info 3 /INPUT 1 "size";
    .port_info 4 /OUTPUT 1 "match";
    .port_info 5 /OUTPUT 1 "accuracy";
v0x6000000bc1b0_0 .var "accuracy", 0 0;
o0x120008070 .functor BUFZ 1, C4<z>; HiZ drive
v0x6000000bc240_0 .net "class_hv_0", 0 0, o0x120008070;  0 drivers
o0x1200080a0 .functor BUFZ 1, C4<z>; HiZ drive
v0x6000000bc2d0_0 .net "class_hv_1", 0 0, o0x1200080a0;  0 drivers
v0x6000000bc360_0 .var "diffCounter0", 13 0;
v0x6000000bc3f0_0 .var "diffCounter1", 13 0;
v0x6000000bc480_0 .var "match", 0 0;
o0x120008160 .functor BUFZ 1, C4<z>; HiZ drive
v0x6000000bc510_0 .net "query", 0 0, o0x120008160;  0 drivers
L_0x120040010 .functor BUFT 1, C4<0>, C4<0>, C4<0>, C4<0>;
v0x6000000bc5a0_0 .net "size", 0 0, L_0x120040010;  1 drivers
S_0x129604400 .scope begin, "$ivl_for_loop0" "$ivl_for_loop0" 2 40, 2 40 0, S_0x129604290;
 .timescale 0 0;
v0x6000000bc120_0 .var "i", 13 0;
    .scope S_0x129604290;
T_0 ;
    %pushi/vec4 0, 0, 14;
    %store/vec4 v0x6000000bc360_0, 0, 14;
    %pushi/vec4 0, 0, 14;
    %store/vec4 v0x6000000bc3f0_0, 0, 14;
    %end;
    .thread T_0;
    .scope S_0x129604290;
T_1 ;
    %fork t_1, S_0x129604400;
    %jmp t_0;
    .scope S_0x129604400;
t_1 ;
    %pushi/vec4 0, 0, 14;
    %store/vec4 v0x6000000bc120_0, 0, 14;
T_1.0 ;
    %load/vec4 v0x6000000bc120_0;
    %load/vec4 v0x6000000bc5a0_0;
    %pad/u 14;
    %cmp/u;
    %jmp/0xz T_1.1, 5;
    %load/vec4 v0x6000000bc510_0;
    %load/vec4 v0x6000000bc240_0;
    %pad/u 32;
    %pushi/vec4 1, 0, 32;
    %cmp/e;
    %flag_get/vec4 4;
    %xor;
    %flag_set/vec4 8;
    %jmp/0xz  T_1.2, 8;
    %load/vec4 v0x6000000bc360_0;
    %addi 1, 0, 14;
    %store/vec4 v0x6000000bc360_0, 0, 14;
    %jmp T_1.3;
T_1.2 ;
    %load/vec4 v0x6000000bc3f0_0;
    %addi 1, 0, 14;
    %store/vec4 v0x6000000bc3f0_0, 0, 14;
T_1.3 ;
    %load/vec4 v0x6000000bc120_0;
    %addi 1, 0, 14;
    %store/vec4 v0x6000000bc120_0, 0, 14;
    %jmp T_1.0;
T_1.1 ;
    %end;
    .scope S_0x129604290;
t_0 %join;
    %load/vec4 v0x6000000bc360_0;
    %load/vec4 v0x6000000bc3f0_0;
    %cmp/u;
    %jmp/0xz  T_1.4, 5;
    %pushi/vec4 0, 0, 1;
    %store/vec4 v0x6000000bc480_0, 0, 1;
    %pushi/vec4 1, 0, 32;
    %load/vec4 v0x6000000bc360_0;
    %pad/u 32;
    %load/vec4 v0x6000000bc5a0_0;
    %pad/u 32;
    %div;
    %sub;
    %pad/u 1;
    %store/vec4 v0x6000000bc1b0_0, 0, 1;
    %jmp T_1.5;
T_1.4 ;
    %pushi/vec4 1, 0, 1;
    %store/vec4 v0x6000000bc480_0, 0, 1;
    %pushi/vec4 1, 0, 32;
    %load/vec4 v0x6000000bc360_0;
    %pad/u 32;
    %load/vec4 v0x6000000bc5a0_0;
    %pad/u 32;
    %div;
    %sub;
    %pad/u 1;
    %store/vec4 v0x6000000bc1b0_0, 0, 1;
T_1.5 ;
    %end;
    .thread T_1;
# The file index is used to find the file name in the following table.
:file_names 3;
    "N/A";
    "<interactive>";
    "inferenceControl.sv";
